\BOOKMARK [1][-]{section.1}{\376\377\000P\000r\000o\000b\000l\000e\000m\000\040\000D\000e\000f\000i\000n\000i\000t\000i\000o\000n}{}% 1
\BOOKMARK [2][-]{subsection.1.1}{\376\377\000N\000e\000e\000d\000\040\000S\000t\000a\000t\000e\000m\000e\000n\000t}{section.1}% 2
\BOOKMARK [2][-]{subsection.1.2}{\376\377\000G\000o\000a\000l}{section.1}% 3
\BOOKMARK [2][-]{subsection.1.3}{\376\377\000O\000b\000j\000e\000c\000t\000i\000v\000e\000s}{section.1}% 4
\BOOKMARK [2][-]{subsection.1.4}{\376\377\000C\000o\000n\000s\000t\000r\000a\000i\000n\000t\000s}{section.1}% 5
\BOOKMARK [1][-]{section.2}{\376\377\000O\000u\000r\000\040\000S\000o\000l\000u\000t\000i\000o\000n\000:\000\040\000M\000a\000r\000s\000\040\000H\000a\000b\000i\000t\000a\000t\000\040\000R\000e\000c\000y\000c\000l\000i\000n\000g\000-\000t\000o\000-\000M\000a\000n\000u\000f\000a\000c\000t\000u\000r\000i\000n\000g\000\040\000S\000y\000s\000t\000e\000m\000\040\000\050\000M\000H\000R\000M\000S\000\051}{}% 6
\BOOKMARK [2][-]{subsection.2.1}{\376\377\000S\000y\000s\000t\000e\000m\000\040\000O\000v\000e\000r\000v\000i\000e\000w}{section.2}% 7
\BOOKMARK [2][-]{subsection.2.2}{\376\377\000M\000a\000r\000s\000\040\000E\000n\000v\000i\000r\000o\000n\000m\000e\000n\000t\000\040\000C\000o\000n\000t\000e\000x\000t}{section.2}% 8
\BOOKMARK [2][-]{subsection.2.3}{\376\377\000C\000r\000i\000t\000i\000c\000a\000l\000\040\000M\000a\000r\000s\000-\000S\000p\000e\000c\000i\000f\000i\000c\000\040\000D\000e\000s\000i\000g\000n\000\040\000C\000o\000n\000s\000i\000d\000e\000r\000a\000t\000i\000o\000n\000s}{section.2}% 9
\BOOKMARK [3][-]{subsubsection.2.3.1}{\376\377\000W\000a\000s\000t\000e\000\040\000B\000e\000h\000a\000v\000i\000o\000r\000\040\000i\000n\000\040\000M\000a\000r\000s\000\040\000E\000n\000v\000i\000r\000o\000n\000m\000e\000n\000t}{subsection.2.3}% 10
\BOOKMARK [3][-]{subsubsection.2.3.2}{\376\377\000T\000h\000e\000r\000m\000a\000l\000\040\000M\000a\000n\000a\000g\000e\000m\000e\000n\000t\000\040\000o\000n\000\040\000M\000a\000r\000s}{subsection.2.3}% 11
\BOOKMARK [3][-]{subsubsection.2.3.3}{\376\377\000M\000a\000r\000s\000\040\000S\000o\000l\000\040\000A\000d\000a\000p\000t\000a\000t\000i\000o\000n}{subsection.2.3}% 12
\BOOKMARK [1][-]{section.3}{\376\377\000I\000n\000p\000u\000t\000\040\000C\000a\000t\000e\000g\000o\000r\000i\000e\000s}{}% 13
\BOOKMARK [2][-]{subsection.3.1}{\376\377\000N\000A\000S\000A\000\040\000D\000a\000t\000a\000\040\000R\000e\000f\000e\000r\000e\000n\000c\000e}{section.3}% 14
\BOOKMARK [2][-]{subsection.3.2}{\376\377\000S\000o\000r\000t\000i\000n\000g\000\040\000P\000r\000o\000t\000o\000c\000o\000l}{section.3}% 15
\BOOKMARK [1][-]{section.4}{\376\377\000A\000l\000t\000e\000r\000n\000a\000t\000i\000v\000e\000\040\000W\000a\000s\000t\000e\000\040\000P\000r\000o\000c\000e\000s\000s\000i\000n\000g\000\040\000O\000p\000t\000i\000o\000n\000s}{}% 16
\BOOKMARK [2][-]{subsection.4.1}{\376\377\000O\000u\000r\000\040\000E\000n\000h\000a\000n\000c\000e\000d\000\040\000S\000y\000s\000t\000e\000m\000\040\000v\000s\000\040\000N\000A\000S\000A\000'\000s\000\040\000A\000p\000p\000r\000o\000a\000c\000h}{section.4}% 17
\BOOKMARK [1][-]{section.5}{\376\377\000S\000y\000s\000t\000e\000m\000\040\000M\000o\000d\000u\000l\000e\000s}{}% 18
\BOOKMARK [2][-]{subsection.5.1}{\376\377\000M\000o\000d\000u\000l\000e\000\040\0001\000:\000\040\000C\000a\000r\000b\000o\000n\000\040\000P\000r\000o\000c\000e\000s\000s\000i\000n\000g\000\040\000S\000t\000a\000t\000i\000o\000n}{section.5}% 19
\BOOKMARK [2][-]{subsection.5.2}{\376\377\000M\000o\000d\000u\000l\000e\000\040\0002\000:\000\040\000P\000o\000l\000y\000m\000e\000r\000\040\000R\000e\000c\000y\000c\000l\000i\000n\000g\000\040\000S\000t\000a\000t\000i\000o\000n}{section.5}% 20
\BOOKMARK [2][-]{subsection.5.3}{\376\377\000M\000o\000d\000u\000l\000e\000\040\0003\000:\000\040\000M\000e\000t\000a\000l\000\040\000P\000r\000o\000c\000e\000s\000s\000i\000n\000g\000\040\000S\000t\000a\000t\000i\000o\000n}{section.5}% 21
\BOOKMARK [2][-]{subsection.5.4}{\376\377\000M\000o\000d\000u\000l\000e\000\040\0004\000:\000\040\000I\000n\000t\000e\000g\000r\000a\000t\000e\000d\000\040\000M\000a\000n\000u\000f\000a\000c\000t\000u\000r\000i\000n\000g\000\040\000H\000u\000b}{section.5}% 22
\BOOKMARK [1][-]{section.6}{\376\377\000S\000u\000p\000p\000o\000r\000t\000i\000n\000g\000\040\000S\000y\000s\000t\000e\000m\000s}{}% 23
\BOOKMARK [2][-]{subsection.6.1}{\376\377\000P\000o\000w\000e\000r\000\040\000D\000i\000s\000t\000r\000i\000b\000u\000t\000i\000o\000n}{section.6}% 24
\BOOKMARK [2][-]{subsection.6.2}{\376\377\000E\000n\000v\000i\000r\000o\000n\000m\000e\000n\000t\000a\000l\000\040\000C\000o\000n\000t\000r\000o\000l}{section.6}% 25
\BOOKMARK [2][-]{subsection.6.3}{\376\377\000W\000a\000s\000t\000e\000\040\000M\000a\000n\000a\000g\000e\000m\000e\000n\000t}{section.6}% 26
\BOOKMARK [1][-]{section.7}{\376\377\000O\000p\000e\000r\000a\000t\000i\000o\000n\000s\000\040\000S\000c\000h\000e\000d\000u\000l\000e}{}% 27
\BOOKMARK [2][-]{subsection.7.1}{\376\377\000D\000a\000i\000l\000y\000\040\000O\000p\000e\000r\000a\000t\000i\000o\000n\000s\000\040\000\050\000C\000r\000e\000w\000\040\000T\000i\000m\000e\000:\000\040\0002\000-\0003\000\040\000h\000o\000u\000r\000s\000\051}{section.7}% 28
\BOOKMARK [2][-]{subsection.7.2}{\376\377\000W\000e\000e\000k\000l\000y\000\040\000M\000a\000i\000n\000t\000e\000n\000a\000n\000c\000e}{section.7}% 29
\BOOKMARK [2][-]{subsection.7.3}{\376\377\000M\000o\000n\000t\000h\000l\000y\000\040\000D\000e\000e\000p\000\040\000M\000a\000i\000n\000t\000e\000n\000a\000n\000c\000e}{section.7}% 30
\BOOKMARK [1][-]{section.8}{\376\377\000S\000a\000f\000e\000t\000y\000\040\000P\000r\000o\000t\000o\000c\000o\000l\000s}{}% 31
\BOOKMARK [2][-]{subsection.8.1}{\376\377\000H\000a\000z\000a\000r\000d\000\040\000C\000o\000n\000t\000r\000o\000l\000s}{section.8}% 32
\BOOKMARK [2][-]{subsection.8.2}{\376\377\000E\000m\000e\000r\000g\000e\000n\000c\000y\000\040\000P\000r\000o\000c\000e\000d\000u\000r\000e\000s}{section.8}% 33
\BOOKMARK [1][-]{section.9}{\376\377\000P\000e\000r\000f\000o\000r\000m\000a\000n\000c\000e\000\040\000M\000e\000t\000r\000i\000c\000s}{}% 34
\BOOKMARK [2][-]{subsection.9.1}{\376\377\000T\000h\000r\000o\000u\000g\000h\000p\000u\000t\000\040\000C\000a\000p\000a\000c\000i\000t\000y}{section.9}% 35
\BOOKMARK [2][-]{subsection.9.2}{\376\377\000R\000e\000s\000o\000u\000r\000c\000e\000\040\000R\000e\000c\000o\000v\000e\000r\000y\000\040\000R\000a\000t\000e\000s}{section.9}% 36
\BOOKMARK [2][-]{subsection.9.3}{\376\377\000M\000a\000s\000s\000\040\000B\000a\000l\000a\000n\000c\000e\000\040\000E\000x\000a\000m\000p\000l\000e\000\040\000\050\000M\000o\000n\000t\000h\000l\000y\000\051}{section.9}% 37
\BOOKMARK [1][-]{section.10}{\376\377\000C\000r\000e\000w\000\040\000T\000r\000a\000i\000n\000i\000n\000g\000\040\000R\000e\000q\000u\000i\000r\000e\000m\000e\000n\000t\000s}{}% 38
\BOOKMARK [2][-]{subsection.10.1}{\376\377\000B\000a\000s\000i\000c\000\040\000O\000p\000e\000r\000a\000t\000o\000r\000\040\000\050\000A\000l\000l\000\040\000C\000r\000e\000w\000\040\000-\000\040\0008\000\040\000h\000o\000u\000r\000s\000\051}{section.10}% 39
\BOOKMARK [2][-]{subsection.10.2}{\376\377\000A\000d\000v\000a\000n\000c\000e\000d\000\040\000O\000p\000e\000r\000a\000t\000o\000r\000\040\000\050\000D\000e\000s\000i\000g\000n\000a\000t\000e\000d\000\040\000P\000e\000r\000s\000o\000n\000n\000e\000l\000\040\000-\000\040\0004\0000\000\040\000h\000o\000u\000r\000s\000\051}{section.10}% 40
\BOOKMARK [2][-]{subsection.10.3}{\376\377\000S\000y\000s\000t\000e\000m\000\040\000M\000a\000n\000a\000g\000e\000r\000\040\000\050\000M\000i\000s\000s\000i\000o\000n\000\040\000S\000p\000e\000c\000i\000a\000l\000i\000s\000t\000\040\000-\000\040\0008\0000\000\040\000h\000o\000u\000r\000s\000\051}{section.10}% 41
\BOOKMARK [1][-]{section.11}{\376\377\000T\000e\000c\000h\000n\000o\000l\000o\000g\000y\000\040\000R\000e\000a\000d\000i\000n\000e\000s\000s\000\040\000\046\000\040\000D\000e\000v\000e\000l\000o\000p\000m\000e\000n\000t\000\040\000P\000a\000t\000h}{}% 42
\BOOKMARK [2][-]{subsection.11.1}{\376\377\000C\000u\000r\000r\000e\000n\000t\000\040\000T\000R\000L\000\040\000L\000e\000v\000e\000l\000s}{section.11}% 43
\BOOKMARK [2][-]{subsection.11.2}{\376\377\000D\000e\000v\000e\000l\000o\000p\000m\000e\000n\000t\000\040\000P\000h\000a\000s\000e\000s}{section.11}% 44
\BOOKMARK [1][-]{section.12}{\376\377\000A\000d\000v\000a\000n\000t\000a\000g\000e\000s\000\040\000f\000o\000r\000\040\000M\000a\000r\000s\000\040\000O\000p\000e\000r\000a\000t\000i\000o\000n\000s}{}% 45
\BOOKMARK [2][-]{subsection.12.1}{\376\377\000R\000e\000s\000o\000u\000r\000c\000e\000\040\000I\000n\000d\000e\000p\000e\000n\000d\000e\000n\000c\000e}{section.12}% 46
\BOOKMARK [2][-]{subsection.12.2}{\376\377\000C\000O\0002\000\040\000U\000t\000i\000l\000i\000z\000a\000t\000i\000o\000n}{section.12}% 47
\BOOKMARK [2][-]{subsection.12.3}{\376\377\000A\000d\000a\000p\000t\000a\000b\000i\000l\000i\000t\000y}{section.12}% 48
\BOOKMARK [2][-]{subsection.12.4}{\376\377\000S\000u\000s\000t\000a\000i\000n\000a\000b\000i\000l\000i\000t\000y}{section.12}% 49
\BOOKMARK [2][-]{subsection.12.5}{\376\377\000E\000c\000o\000n\000o\000m\000i\000c\000\040\000B\000e\000n\000e\000f\000i\000t\000s}{section.12}% 50
\BOOKMARK [1][-]{section.13}{\376\377\000S\000c\000a\000l\000a\000b\000i\000l\000i\000t\000y\000\040\000\046\000\040\000F\000u\000t\000u\000r\000e\000\040\000E\000n\000h\000a\000n\000c\000e\000m\000e\000n\000t\000s}{}% 51
\BOOKMARK [2][-]{subsection.13.1}{\376\377\000N\000e\000a\000r\000-\000T\000e\000r\000m\000\040\000U\000p\000g\000r\000a\000d\000e\000s}{section.13}% 52
\BOOKMARK [2][-]{subsection.13.2}{\376\377\000L\000o\000n\000g\000-\000T\000e\000r\000m\000\040\000V\000i\000s\000i\000o\000n}{section.13}% 53
\BOOKMARK [1][-]{section.14}{\376\377\000C\000o\000m\000p\000l\000i\000a\000n\000c\000e\000\040\000S\000u\000m\000m\000a\000r\000y}{}% 54
\BOOKMARK [1][-]{section.15}{\376\377\000M\000a\000r\000s\000\040\000M\000a\000t\000e\000r\000i\000a\000l\000\040\000C\000o\000l\000l\000e\000c\000t\000i\000o\000n\000\040\000R\000o\000v\000e\000r\000\040\000F\000l\000e\000e\000t\000\040\000D\000e\000s\000i\000g\000n}{}% 55
\BOOKMARK [2][-]{subsection.15.1}{\376\377\000R\000o\000v\000e\000r\000\040\000T\000y\000p\000e\000s\000\040\000a\000n\000d\000\040\000R\000o\000l\000e\000s}{section.15}% 56
\BOOKMARK [2][-]{subsection.15.2}{\376\377\000R\000o\000v\000e\000r\000\040\000S\000p\000e\000c\000i\000f\000i\000c\000a\000t\000i\000o\000n\000s\000\040\000a\000n\000d\000\040\000F\000e\000a\000t\000u\000r\000e\000s}{section.15}% 57
\BOOKMARK [3][-]{subsubsection.15.2.1}{\376\377\000C\000a\000r\000b\000o\000n\000\040\000C\000o\000l\000l\000e\000c\000t\000o\000r\000\040\000R\000o\000v\000e\000r}{subsection.15.2}% 58
\BOOKMARK [3][-]{subsubsection.15.2.2}{\376\377\000P\000o\000l\000y\000m\000e\000r\000/\000P\000l\000a\000s\000t\000i\000c\000/\000F\000a\000b\000r\000i\000c\000\040\000C\000o\000l\000l\000e\000c\000t\000o\000r\000\040\000R\000o\000v\000e\000r}{subsection.15.2}% 59
\BOOKMARK [3][-]{subsubsection.15.2.3}{\376\377\000M\000e\000t\000a\000l\000\040\000C\000o\000l\000l\000e\000c\000t\000o\000r\000\040\000R\000o\000v\000e\000r}{subsection.15.2}% 60
\BOOKMARK [3][-]{subsubsection.15.2.4}{\376\377\000C\000o\000m\000p\000o\000s\000i\000t\000e\000/\000M\000i\000x\000e\000d\000\040\000M\000a\000t\000e\000r\000i\000a\000l\000\040\000R\000o\000v\000e\000r}{subsection.15.2}% 61
\BOOKMARK [3][-]{subsubsection.15.2.5}{\376\377\000R\000e\000g\000o\000l\000i\000t\000h\000\040\000/\000\040\000I\000S\000R\000U\000\040\000R\000o\000v\000e\000r}{subsection.15.2}% 62
\BOOKMARK [3][-]{subsubsection.15.2.6}{\376\377\000S\000t\000o\000r\000a\000g\000e\000\040\000/\000\040\000T\000r\000a\000n\000s\000p\000o\000r\000t\000\040\000R\000o\000v\000e\000r}{subsection.15.2}% 63
\BOOKMARK [3][-]{subsubsection.15.2.7}{\376\377\000M\000a\000i\000n\000t\000e\000n\000a\000n\000c\000e\000\040\000/\000\040\000I\000n\000s\000p\000e\000c\000t\000i\000o\000n\000\040\000R\000o\000v\000e\000r}{subsection.15.2}% 64
\BOOKMARK [2][-]{subsection.15.3}{\376\377\000S\000t\000a\000n\000d\000a\000r\000d\000\040\000E\000l\000e\000c\000t\000r\000o\000n\000i\000c\000s\000\040\000C\000o\000m\000p\000a\000r\000t\000m\000e\000n\000t\000\040\000\050\000A\000l\000l\000\040\000R\000o\000v\000e\000r\000s\000\051}{section.15}% 65
\BOOKMARK [3][-]{subsubsection.15.3.1}{\376\377\000P\000o\000w\000e\000r\000\040\000S\000y\000s\000t\000e\000m}{subsection.15.3}% 66
\BOOKMARK [3][-]{subsubsection.15.3.2}{\376\377\000C\000o\000n\000t\000r\000o\000l\000\040\000S\000y\000s\000t\000e\000m}{subsection.15.3}% 67
\BOOKMARK [3][-]{subsubsection.15.3.3}{\376\377\000C\000o\000m\000m\000u\000n\000i\000c\000a\000t\000i\000o\000n\000\040\000S\000y\000s\000t\000e\000m\000s}{subsection.15.3}% 68
\BOOKMARK [3][-]{subsubsection.15.3.4}{\376\377\000S\000e\000n\000s\000o\000r\000\040\000S\000u\000i\000t\000e}{subsection.15.3}% 69
\BOOKMARK [3][-]{subsubsection.15.3.5}{\376\377\000A\000u\000t\000o\000n\000o\000m\000y\000\040\000\046\000\040\000A\000I}{subsection.15.3}% 70
\BOOKMARK [3][-]{subsubsection.15.3.6}{\376\377\000S\000a\000f\000e\000t\000y\000\040\000\046\000\040\000R\000e\000d\000u\000n\000d\000a\000n\000c\000y}{subsection.15.3}% 71
\BOOKMARK [3][-]{subsubsection.15.3.7}{\376\377\000S\000t\000o\000r\000a\000g\000e\000\040\000I\000n\000t\000e\000r\000f\000a\000c\000e}{subsection.15.3}% 72
\BOOKMARK [2][-]{subsection.15.4}{\376\377\000R\000o\000v\000e\000r\000-\000t\000o\000-\000M\000H\000R\000M\000S\000\040\000W\000o\000r\000k\000f\000l\000o\000w}{section.15}% 73
\BOOKMARK [3][-]{subsubsection.15.4.1}{\376\377\000C\000o\000l\000l\000e\000c\000t\000i\000o\000n\000\040\000P\000h\000a\000s\000e}{subsection.15.4}% 74
\BOOKMARK [3][-]{subsubsection.15.4.2}{\376\377\000T\000r\000a\000n\000s\000p\000o\000r\000t\000\040\000P\000h\000a\000s\000e}{subsection.15.4}% 75
\BOOKMARK [3][-]{subsubsection.15.4.3}{\376\377\000M\000a\000i\000n\000t\000e\000n\000a\000n\000c\000e\000\040\000P\000h\000a\000s\000e}{subsection.15.4}% 76
\BOOKMARK [3][-]{subsubsection.15.4.4}{\376\377\000P\000r\000o\000c\000e\000s\000s\000i\000n\000g\000\040\000P\000h\000a\000s\000e}{subsection.15.4}% 77
\BOOKMARK [3][-]{subsubsection.15.4.5}{\376\377\000D\000a\000t\000a\000\040\000F\000e\000e\000d\000b\000a\000c\000k\000\040\000L\000o\000o\000p}{subsection.15.4}% 78
\BOOKMARK [2][-]{subsection.15.5}{\376\377\000A\000d\000v\000a\000n\000t\000a\000g\000e\000s\000\040\000o\000f\000\040\000t\000h\000e\000\040\000I\000n\000t\000e\000g\000r\000a\000t\000e\000d\000\040\000R\000o\000v\000e\000r\000\040\000F\000l\000e\000e\000t}{section.15}% 79
\BOOKMARK [3][-]{subsubsection.15.5.1}{\376\377\000M\000o\000d\000u\000l\000a\000r\000\040\000D\000e\000s\000i\000g\000n\000\040\000B\000e\000n\000e\000f\000i\000t\000s}{subsection.15.5}% 80
\BOOKMARK [3][-]{subsubsection.15.5.2}{\376\377\000M\000a\000t\000e\000r\000i\000a\000l\000\040\000H\000a\000n\000d\000l\000i\000n\000g\000\040\000C\000a\000p\000a\000b\000i\000l\000i\000t\000i\000e\000s}{subsection.15.5}% 81
\BOOKMARK [3][-]{subsubsection.15.5.3}{\376\377\000E\000n\000v\000i\000r\000o\000n\000m\000e\000n\000t\000a\000l\000\040\000P\000r\000o\000t\000e\000c\000t\000i\000o\000n}{subsection.15.5}% 82
\BOOKMARK [3][-]{subsubsection.15.5.4}{\376\377\000P\000o\000w\000e\000r\000\040\000a\000n\000d\000\040\000E\000f\000f\000i\000c\000i\000e\000n\000c\000y}{subsection.15.5}% 83
\BOOKMARK [3][-]{subsubsection.15.5.5}{\376\377\000M\000i\000s\000s\000i\000o\000n\000\040\000S\000u\000s\000t\000a\000i\000n\000a\000b\000i\000l\000i\000t\000y}{subsection.15.5}% 84
\BOOKMARK [3][-]{subsubsection.15.5.6}{\376\377\000M\000a\000i\000n\000t\000a\000i\000n\000a\000b\000i\000l\000i\000t\000y\000\040\000a\000n\000d\000\040\000U\000p\000g\000r\000a\000d\000e\000s}{subsection.15.5}% 85
\BOOKMARK [2][-]{subsection.15.6}{\376\377\000F\000l\000e\000e\000t\000\040\000P\000e\000r\000f\000o\000r\000m\000a\000n\000c\000e\000\040\000M\000e\000t\000r\000i\000c\000s}{section.15}% 86
\BOOKMARK [3][-]{subsubsection.15.6.1}{\376\377\000C\000o\000l\000l\000e\000c\000t\000i\000o\000n\000\040\000C\000a\000p\000a\000c\000i\000t\000y}{subsection.15.6}% 87
\BOOKMARK [3][-]{subsubsection.15.6.2}{\376\377\000O\000p\000e\000r\000a\000t\000i\000o\000n\000a\000l\000\040\000P\000a\000r\000a\000m\000e\000t\000e\000r\000s}{subsection.15.6}% 88
\BOOKMARK [3][-]{subsubsection.15.6.3}{\376\377\000R\000e\000l\000i\000a\000b\000i\000l\000i\000t\000y\000\040\000M\000e\000t\000r\000i\000c\000s}{subsection.15.6}% 89
\BOOKMARK [2][-]{subsection.15.7}{\376\377\000I\000n\000t\000e\000g\000r\000a\000t\000i\000o\000n\000\040\000w\000i\000t\000h\000\040\000M\000H\000R\000M\000S\000\040\000O\000p\000e\000r\000a\000t\000i\000o\000n\000s}{section.15}% 90
\BOOKMARK [3][-]{subsubsection.15.7.1}{\376\377\000C\000o\000o\000r\000d\000i\000n\000a\000t\000e\000d\000\040\000S\000c\000h\000e\000d\000u\000l\000i\000n\000g}{subsection.15.7}% 91
\BOOKMARK [3][-]{subsubsection.15.7.2}{\376\377\000Q\000u\000a\000l\000i\000t\000y\000\040\000C\000o\000n\000t\000r\000o\000l\000\040\000I\000n\000t\000e\000g\000r\000a\000t\000i\000o\000n}{subsection.15.7}% 92
\BOOKMARK [3][-]{subsubsection.15.7.3}{\376\377\000E\000m\000e\000r\000g\000e\000n\000c\000y\000\040\000R\000e\000s\000p\000o\000n\000s\000e}{subsection.15.7}% 93
\BOOKMARK [1][-]{section.16}{\376\377\000D\000e\000t\000a\000i\000l\000e\000d\000\040\000R\000o\000v\000e\000r\000\040\000D\000e\000s\000i\000g\000n\000\040\000S\000p\000e\000c\000i\000f\000i\000c\000a\000t\000i\000o\000n\000s}{}% 94
\BOOKMARK [2][-]{subsection.16.1}{\376\377\000R\000o\000v\000e\000r\000\040\0000\000\040\040\024\000\040\000S\000h\000a\000r\000e\000d\000\040\000E\000l\000e\000c\000t\000r\000o\000n\000i\000c\000s\000\040\000C\000o\000m\000p\000a\000r\000t\000m\000e\000n\000t\000\040\000\050\000B\000a\000s\000e\000l\000i\000n\000e\000\051}{section.16}% 95
\BOOKMARK [3][-]{subsubsection.16.1.1}{\376\377\000C\000o\000r\000e\000\040\000C\000o\000m\000p\000o\000n\000e\000n\000t\000s}{subsection.16.1}% 96
\BOOKMARK [3][-]{subsubsection.16.1.2}{\376\377\000S\000a\000f\000e\000t\000y\000\040\000S\000y\000s\000t\000e\000m\000s}{subsection.16.1}% 97
\BOOKMARK [3][-]{subsubsection.16.1.3}{\376\377\000S\000t\000a\000n\000d\000a\000r\000d\000\040\000D\000o\000c\000k\000i\000n\000g\000\040\000I\000n\000t\000e\000r\000f\000a\000c\000e}{subsection.16.1}% 98
\BOOKMARK [2][-]{subsection.16.2}{\376\377\000R\000o\000v\000e\000r\000\040\0001\000\040\040\024\000\040\000C\000a\000r\000b\000o\000n\000\040\000C\000o\000l\000l\000e\000c\000t\000o\000r\000\040\000R\000o\000v\000e\000r\000\040\000\050\000"\000S\000o\000o\000t\000\040\000\046\000\040\000D\000u\000s\000t\000\040\000H\000a\000r\000v\000e\000s\000t\000e\000r\000"\000\051}{section.16}% 99
\BOOKMARK [3][-]{subsubsection.16.2.1}{\376\377\000C\000h\000a\000s\000s\000i\000s\000\040\000\046\000\040\000M\000o\000b\000i\000l\000i\000t\000y}{subsection.16.2}% 100
\BOOKMARK [3][-]{subsubsection.16.2.2}{\376\377\000C\000o\000l\000l\000e\000c\000t\000i\000o\000n\000\040\000\046\000\040\000P\000a\000y\000l\000o\000a\000d\000\040\000S\000y\000s\000t\000e\000m\000s}{subsection.16.2}% 101
\BOOKMARK [3][-]{subsubsection.16.2.3}{\376\377\000S\000p\000e\000c\000i\000a\000l\000i\000z\000e\000d\000\040\000S\000u\000b\000s\000y\000s\000t\000e\000m\000s}{subsection.16.2}% 102
\BOOKMARK [3][-]{subsubsection.16.2.4}{\376\377\000S\000e\000n\000s\000o\000r\000s\000\040\000\046\000\040\000A\000u\000t\000o\000n\000o\000m\000y}{subsection.16.2}% 103
\BOOKMARK [3][-]{subsubsection.16.2.5}{\376\377\000D\000o\000c\000k\000i\000n\000g\000\040\000\046\000\040\000T\000r\000a\000n\000s\000f\000e\000r}{subsection.16.2}% 104
\BOOKMARK [2][-]{subsection.16.3}{\376\377\000R\000o\000v\000e\000r\000\040\0002\000\040\040\024\000\040\000P\000o\000l\000y\000m\000e\000r\000/\000P\000l\000a\000s\000t\000i\000c\000/\000F\000a\000b\000r\000i\000c\000\040\000C\000o\000l\000l\000e\000c\000t\000o\000r\000\040\000R\000o\000v\000e\000r\000\040\000\050\000"\000S\000o\000r\000t\000e\000r\000\040\000\046\000\040\000C\000o\000m\000p\000a\000c\000t\000o\000r\000"\000\051}{section.16}% 105
\BOOKMARK [3][-]{subsubsection.16.3.1}{\376\377\000C\000h\000a\000s\000s\000i\000s\000\040\000\046\000\040\000M\000o\000b\000i\000l\000i\000t\000y}{subsection.16.3}% 106
\BOOKMARK [3][-]{subsubsection.16.3.2}{\376\377\000C\000o\000l\000l\000e\000c\000t\000i\000o\000n\000\040\000\046\000\040\000P\000a\000y\000l\000o\000a\000d\000\040\000S\000y\000s\000t\000e\000m\000s}{subsection.16.3}% 107
\BOOKMARK [3][-]{subsubsection.16.3.3}{\376\377\000S\000p\000e\000c\000i\000a\000l\000i\000z\000e\000d\000\040\000S\000u\000b\000s\000y\000s\000t\000e\000m\000s}{subsection.16.3}% 108
\BOOKMARK [3][-]{subsubsection.16.3.4}{\376\377\000S\000e\000n\000s\000o\000r\000s\000\040\000\046\000\040\000A\000u\000t\000o\000n\000o\000m\000y}{subsection.16.3}% 109
\BOOKMARK [3][-]{subsubsection.16.3.5}{\376\377\000D\000o\000c\000k\000i\000n\000g\000\040\000\046\000\040\000T\000r\000a\000n\000s\000f\000e\000r}{subsection.16.3}% 110
\BOOKMARK [2][-]{subsection.16.4}{\376\377\000R\000o\000v\000e\000r\000\040\0003\000\040\040\024\000\040\000M\000e\000t\000a\000l\000\040\000C\000o\000l\000l\000e\000c\000t\000o\000r\000\040\000R\000o\000v\000e\000r\000\040\000\050\000"\000M\000a\000g\000-\000G\000r\000a\000b\000"\000\051}{section.16}% 111
\BOOKMARK [3][-]{subsubsection.16.4.1}{\376\377\000C\000h\000a\000s\000s\000i\000s\000\040\000\046\000\040\000M\000o\000b\000i\000l\000i\000t\000y}{subsection.16.4}% 112
\BOOKMARK [3][-]{subsubsection.16.4.2}{\376\377\000C\000o\000l\000l\000e\000c\000t\000i\000o\000n\000\040\000\046\000\040\000P\000a\000y\000l\000o\000a\000d\000\040\000S\000y\000s\000t\000e\000m\000s}{subsection.16.4}% 113
\BOOKMARK [3][-]{subsubsection.16.4.3}{\376\377\000S\000p\000e\000c\000i\000a\000l\000i\000z\000e\000d\000\040\000S\000u\000b\000s\000y\000s\000t\000e\000m\000s}{subsection.16.4}% 114
\BOOKMARK [3][-]{subsubsection.16.4.4}{\376\377\000S\000e\000n\000s\000o\000r\000s\000\040\000\046\000\040\000A\000u\000t\000o\000n\000o\000m\000y}{subsection.16.4}% 115
\BOOKMARK [3][-]{subsubsection.16.4.5}{\376\377\000D\000o\000c\000k\000i\000n\000g\000\040\000\046\000\040\000T\000r\000a\000n\000s\000f\000e\000r}{subsection.16.4}% 116
\BOOKMARK [2][-]{subsection.16.5}{\376\377\000R\000o\000v\000e\000r\000\040\0004\000\040\040\024\000\040\000C\000o\000m\000p\000o\000s\000i\000t\000e\000/\000M\000i\000x\000e\000d\000-\000M\000a\000t\000e\000r\000i\000a\000l\000\040\000R\000o\000v\000e\000r\000\040\000\050\000"\000S\000e\000p\000a\000r\000a\000t\000o\000r\000"\000\051}{section.16}% 117
\BOOKMARK [3][-]{subsubsection.16.5.1}{\376\377\000C\000h\000a\000s\000s\000i\000s\000\040\000\046\000\040\000M\000o\000b\000i\000l\000i\000t\000y}{subsection.16.5}% 118
\BOOKMARK [3][-]{subsubsection.16.5.2}{\376\377\000C\000o\000l\000l\000e\000c\000t\000i\000o\000n\000\040\000\046\000\040\000P\000a\000y\000l\000o\000a\000d\000\040\000S\000y\000s\000t\000e\000m\000s}{subsection.16.5}% 119
\BOOKMARK [3][-]{subsubsection.16.5.3}{\376\377\000S\000p\000e\000c\000i\000a\000l\000i\000z\000e\000d\000\040\000S\000u\000b\000s\000y\000s\000t\000e\000m\000s}{subsection.16.5}% 120
\BOOKMARK [3][-]{subsubsection.16.5.4}{\376\377\000S\000e\000n\000s\000o\000r\000s\000\040\000\046\000\040\000A\000u\000t\000o\000n\000o\000m\000y}{subsection.16.5}% 121
\BOOKMARK [3][-]{subsubsection.16.5.5}{\376\377\000D\000o\000c\000k\000i\000n\000g\000\040\000\046\000\040\000T\000r\000a\000n\000s\000f\000e\000r}{subsection.16.5}% 122
\BOOKMARK [2][-]{subsection.16.6}{\376\377\000R\000o\000v\000e\000r\000\040\0005\000\040\040\024\000\040\000R\000e\000g\000o\000l\000i\000t\000h\000/\000I\000S\000R\000U\000\040\000R\000o\000v\000e\000r\000\040\000\050\000"\000D\000i\000g\000g\000e\000r\000"\000\051}{section.16}% 123
\BOOKMARK [3][-]{subsubsection.16.6.1}{\376\377\000C\000h\000a\000s\000s\000i\000s\000\040\000\046\000\040\000M\000o\000b\000i\000l\000i\000t\000y}{subsection.16.6}% 124
\BOOKMARK [3][-]{subsubsection.16.6.2}{\376\377\000C\000o\000l\000l\000e\000c\000t\000i\000o\000n\000\040\000\046\000\040\000P\000a\000y\000l\000o\000a\000d\000\040\000S\000y\000s\000t\000e\000m\000s}{subsection.16.6}% 125
\BOOKMARK [3][-]{subsubsection.16.6.3}{\376\377\000S\000p\000e\000c\000i\000a\000l\000i\000z\000e\000d\000\040\000S\000u\000b\000s\000y\000s\000t\000e\000m\000s}{subsection.16.6}% 126
\BOOKMARK [3][-]{subsubsection.16.6.4}{\376\377\000S\000e\000n\000s\000o\000r\000s\000\040\000\046\000\040\000A\000u\000t\000o\000n\000o\000m\000y}{subsection.16.6}% 127
\BOOKMARK [3][-]{subsubsection.16.6.5}{\376\377\000D\000o\000c\000k\000i\000n\000g\000\040\000\046\000\040\000T\000r\000a\000n\000s\000f\000e\000r}{subsection.16.6}% 128
\BOOKMARK [2][-]{subsection.16.7}{\376\377\000R\000o\000v\000e\000r\000\040\0006\000\040\040\024\000\040\000S\000t\000o\000r\000a\000g\000e\000/\000T\000r\000a\000n\000s\000p\000o\000r\000t\000\040\000R\000o\000v\000e\000r\000\040\000\050\000"\000H\000a\000u\000l\000e\000r\000"\000\051}{section.16}% 129
\BOOKMARK [3][-]{subsubsection.16.7.1}{\376\377\000C\000h\000a\000s\000s\000i\000s\000\040\000\046\000\040\000M\000o\000b\000i\000l\000i\000t\000y}{subsection.16.7}% 130
\BOOKMARK [3][-]{subsubsection.16.7.2}{\376\377\000C\000o\000l\000l\000e\000c\000t\000i\000o\000n\000\040\000\046\000\040\000P\000a\000y\000l\000o\000a\000d\000\040\000S\000y\000s\000t\000e\000m\000s}{subsection.16.7}% 131
\BOOKMARK [3][-]{subsubsection.16.7.3}{\376\377\000S\000p\000e\000c\000i\000a\000l\000i\000z\000e\000d\000\040\000S\000u\000b\000s\000y\000s\000t\000e\000m\000s}{subsection.16.7}% 132
\BOOKMARK [3][-]{subsubsection.16.7.4}{\376\377\000S\000e\000n\000s\000o\000r\000s\000\040\000\046\000\040\000A\000u\000t\000o\000n\000o\000m\000y}{subsection.16.7}% 133
\BOOKMARK [3][-]{subsubsection.16.7.5}{\376\377\000D\000o\000c\000k\000i\000n\000g\000\040\000\046\000\040\000T\000r\000a\000n\000s\000f\000e\000r}{subsection.16.7}% 134
\BOOKMARK [2][-]{subsection.16.8}{\376\377\000R\000o\000v\000e\000r\000\040\0007\000\040\040\024\000\040\000M\000a\000i\000n\000t\000e\000n\000a\000n\000c\000e\000/\000I\000n\000s\000p\000e\000c\000t\000i\000o\000n\000\040\000R\000o\000v\000e\000r\000\040\000\050\000"\000M\000e\000d\000i\000c\000"\000\051}{section.16}% 135
\BOOKMARK [3][-]{subsubsection.16.8.1}{\376\377\000C\000h\000a\000s\000s\000i\000s\000\040\000\046\000\040\000M\000o\000b\000i\000l\000i\000t\000y}{subsection.16.8}% 136
\BOOKMARK [3][-]{subsubsection.16.8.2}{\376\377\000C\000o\000l\000l\000e\000c\000t\000i\000o\000n\000\040\000\046\000\040\000P\000a\000y\000l\000o\000a\000d\000\040\000S\000y\000s\000t\000e\000m\000s}{subsection.16.8}% 137
\BOOKMARK [3][-]{subsubsection.16.8.3}{\376\377\000S\000p\000e\000c\000i\000a\000l\000i\000z\000e\000d\000\040\000S\000u\000b\000s\000y\000s\000t\000e\000m\000s}{subsection.16.8}% 138
\BOOKMARK [3][-]{subsubsection.16.8.4}{\376\377\000S\000e\000n\000s\000o\000r\000s\000\040\000\046\000\040\000A\000u\000t\000o\000n\000o\000m\000y}{subsection.16.8}% 139
\BOOKMARK [3][-]{subsubsection.16.8.5}{\376\377\000D\000o\000c\000k\000i\000n\000g\000\040\000\046\000\040\000T\000r\000a\000n\000s\000f\000e\000r}{subsection.16.8}% 140
\BOOKMARK [1][-]{section.17}{\376\377\000C\000o\000m\000m\000o\000n\000\040\000D\000e\000s\000i\000g\000n\000\040\000\046\000\040\000E\000n\000g\000i\000n\000e\000e\000r\000i\000n\000g\000\040\000S\000p\000e\000c\000i\000f\000i\000c\000a\000t\000i\000o\000n\000s}{}% 141
\BOOKMARK [2][-]{subsection.17.1}{\376\377\000M\000a\000t\000e\000r\000i\000a\000l\000s\000\040\000S\000e\000l\000e\000c\000t\000i\000o\000n}{section.17}% 142
\BOOKMARK [2][-]{subsection.17.2}{\376\377\000S\000e\000a\000l\000s\000\040\000\046\000\040\000D\000u\000s\000t\000\040\000M\000i\000t\000i\000g\000a\000t\000i\000o\000n}{section.17}% 143
\BOOKMARK [2][-]{subsection.17.3}{\376\377\000S\000t\000a\000n\000d\000a\000r\000d\000i\000z\000a\000t\000i\000o\000n\000\040\000P\000r\000o\000t\000o\000c\000o\000l\000s}{section.17}% 144
\BOOKMARK [2][-]{subsection.17.4}{\376\377\000R\000e\000d\000u\000n\000d\000a\000n\000c\000y\000\040\000\046\000\040\000S\000a\000f\000e\000t\000y\000\040\000S\000y\000s\000t\000e\000m\000s}{section.17}% 145
\BOOKMARK [2][-]{subsection.17.5}{\376\377\000O\000p\000e\000r\000a\000t\000i\000o\000n\000a\000l\000\040\000R\000e\000l\000i\000a\000b\000i\000l\000i\000t\000y}{section.17}% 146
\BOOKMARK [1][-]{section.18}{\376\377\000S\000p\000e\000c\000i\000a\000l\000\040\000C\000o\000n\000t\000r\000o\000l\000l\000e\000d\000\040\000E\000n\000v\000i\000r\000o\000n\000m\000e\000n\000t\000\040\000H\000a\000b\000i\000t\000a\000t\000\040\000f\000o\000r\000\040\000M\000H\000R\000M\000S\000\040\000\046\000\040\000R\000o\000v\000e\000r\000\040\000F\000l\000e\000e\000t}{}% 147
\BOOKMARK [2][-]{subsection.18.1}{\376\377\000M\000i\000s\000s\000i\000o\000n\000\040\000\046\000\040\000D\000e\000s\000i\000g\000n\000\040\000P\000h\000i\000l\000o\000s\000o\000p\000h\000y}{section.18}% 148
\BOOKMARK [3][-]{subsubsection.18.1.1}{\376\377\000M\000i\000s\000s\000i\000o\000n\000\040\000S\000t\000a\000t\000e\000m\000e\000n\000t}{subsection.18.1}% 149
\BOOKMARK [3][-]{subsubsection.18.1.2}{\376\377\000D\000e\000s\000i\000g\000n\000\040\000G\000o\000a\000l\000s}{subsection.18.1}% 150
\BOOKMARK [2][-]{subsection.18.2}{\376\377\000H\000a\000b\000i\000t\000a\000t\000\040\000S\000t\000r\000u\000c\000t\000u\000r\000a\000l\000\040\000L\000a\000y\000o\000u\000t}{section.18}% 151
\BOOKMARK [3][-]{subsubsection.18.2.1}{\376\377\000C\000o\000r\000e\000\040\000S\000t\000r\000u\000c\000t\000u\000r\000a\000l\000\040\000D\000e\000s\000i\000g\000n}{subsection.18.2}% 152
\BOOKMARK [3][-]{subsubsection.18.2.2}{\376\377\000Z\000o\000n\000e\000s\000\040\000\046\000\040\000M\000o\000d\000u\000l\000e\000s}{subsection.18.2}% 153
\BOOKMARK [2][-]{subsection.18.3}{\376\377\000E\000n\000v\000i\000r\000o\000n\000m\000e\000n\000t\000a\000l\000\040\000\046\000\040\000H\000a\000b\000i\000t\000a\000t\000\040\000C\000o\000n\000t\000r\000o\000l\000s}{section.18}% 154
\BOOKMARK [3][-]{subsubsection.18.3.1}{\376\377\000A\000t\000m\000o\000s\000p\000h\000e\000r\000e\000\040\000M\000a\000n\000a\000g\000e\000m\000e\000n\000t}{subsection.18.3}% 155
\BOOKMARK [3][-]{subsubsection.18.3.2}{\376\377\000T\000h\000e\000r\000m\000a\000l\000\040\000\046\000\040\000E\000n\000e\000r\000g\000y\000\040\000S\000y\000s\000t\000e\000m\000s}{subsection.18.3}% 156
\BOOKMARK [3][-]{subsubsection.18.3.3}{\376\377\000W\000a\000t\000e\000r\000\040\000\046\000\040\000H\000u\000m\000i\000d\000i\000t\000y\000\040\000C\000o\000n\000t\000r\000o\000l}{subsection.18.3}% 157
\BOOKMARK [3][-]{subsubsection.18.3.4}{\376\377\000D\000u\000s\000t\000\040\000\046\000\040\000C\000o\000n\000t\000a\000m\000i\000n\000a\000t\000i\000o\000n\000\040\000C\000o\000n\000t\000r\000o\000l}{subsection.18.3}% 158
\BOOKMARK [2][-]{subsection.18.4}{\376\377\000R\000o\000v\000e\000r\000\040\000I\000n\000t\000e\000g\000r\000a\000t\000i\000o\000n}{section.18}% 159
\BOOKMARK [3][-]{subsubsection.18.4.1}{\376\377\000D\000o\000c\000k\000i\000n\000g\000\040\000B\000a\000y\000\040\000D\000e\000s\000i\000g\000n\000\040\000F\000e\000a\000t\000u\000r\000e\000s}{subsection.18.4}% 160
\BOOKMARK [3][-]{subsubsection.18.4.2}{\376\377\000S\000u\000p\000p\000o\000r\000t\000e\000d\000\040\000R\000o\000v\000e\000r\000\040\000T\000y\000p\000e\000s}{subsection.18.4}% 161
\BOOKMARK [2][-]{subsection.18.5}{\376\377\000W\000o\000r\000k\000f\000l\000o\000w\000\040\000\050\000A\000u\000t\000o\000m\000a\000t\000e\000d\000\040\000\046\000\040\000M\000o\000d\000u\000l\000a\000r\000\051}{section.18}% 162
\BOOKMARK [3][-]{subsubsection.18.5.1}{\376\377\000M\000a\000t\000e\000r\000i\000a\000l\000\040\000C\000o\000l\000l\000e\000c\000t\000i\000o\000n\000\040\000P\000h\000a\000s\000e}{subsection.18.5}% 163
\BOOKMARK [3][-]{subsubsection.18.5.2}{\376\377\000M\000a\000t\000e\000r\000i\000a\000l\000\040\000S\000o\000r\000t\000i\000n\000g\000\040\000\046\000\040\000P\000r\000e\000-\000p\000r\000o\000c\000e\000s\000s\000i\000n\000g}{subsection.18.5}% 164
\BOOKMARK [3][-]{subsubsection.18.5.3}{\376\377\000P\000r\000o\000c\000e\000s\000s\000i\000n\000g\000\040\000O\000p\000e\000r\000a\000t\000i\000o\000n\000s}{subsection.18.5}% 165
\BOOKMARK [3][-]{subsubsection.18.5.4}{\376\377\000M\000a\000n\000u\000f\000a\000c\000t\000u\000r\000i\000n\000g\000\040\000O\000p\000e\000r\000a\000t\000i\000o\000n\000s}{subsection.18.5}% 166
\BOOKMARK [3][-]{subsubsection.18.5.5}{\376\377\000R\000o\000v\000e\000r\000\040\000M\000a\000i\000n\000t\000e\000n\000a\000n\000c\000e\000\040\000\046\000\040\000S\000u\000p\000p\000o\000r\000t}{subsection.18.5}% 167
\BOOKMARK [3][-]{subsubsection.18.5.6}{\376\377\000F\000u\000t\000u\000r\000e\000\040\000E\000x\000p\000a\000n\000s\000i\000o\000n\000\040\000C\000a\000p\000a\000b\000i\000l\000i\000t\000i\000e\000s}{subsection.18.5}% 168
\BOOKMARK [2][-]{subsection.18.6}{\376\377\000S\000a\000f\000e\000t\000y\000\040\000\046\000\040\000R\000e\000d\000u\000n\000d\000a\000n\000c\000y\000\040\000S\000y\000s\000t\000e\000m\000s}{section.18}% 169
\BOOKMARK [3][-]{subsubsection.18.6.1}{\376\377\000P\000o\000w\000e\000r\000\040\000M\000a\000n\000a\000g\000e\000m\000e\000n\000t}{subsection.18.6}% 170
\BOOKMARK [3][-]{subsubsection.18.6.2}{\376\377\000T\000e\000m\000p\000e\000r\000a\000t\000u\000r\000e\000\040\000C\000o\000n\000t\000r\000o\000l}{subsection.18.6}% 171
\BOOKMARK [3][-]{subsubsection.18.6.3}{\376\377\000E\000n\000v\000i\000r\000o\000n\000m\000e\000n\000t\000a\000l\000\040\000P\000r\000o\000t\000e\000c\000t\000i\000o\000n}{subsection.18.6}% 172
\BOOKMARK [3][-]{subsubsection.18.6.4}{\376\377\000F\000i\000r\000e\000\040\000S\000a\000f\000e\000t\000y}{subsection.18.6}% 173
\BOOKMARK [3][-]{subsubsection.18.6.5}{\376\377\000A\000u\000t\000o\000m\000a\000t\000i\000o\000n\000\040\000\046\000\040\000M\000o\000n\000i\000t\000o\000r\000i\000n\000g}{subsection.18.6}% 174
\BOOKMARK [3][-]{subsubsection.18.6.6}{\376\377\000M\000a\000i\000n\000t\000e\000n\000a\000n\000c\000e\000\040\000P\000r\000o\000t\000o\000c\000o\000l\000s}{subsection.18.6}% 175
\BOOKMARK [2][-]{subsection.18.7}{\376\377\000F\000u\000t\000u\000r\000e\000-\000R\000e\000a\000d\000y\000\040\000F\000e\000a\000t\000u\000r\000e\000s}{section.18}% 176
\BOOKMARK [3][-]{subsubsection.18.7.1}{\376\377\000M\000o\000d\000u\000l\000a\000r\000\040\000E\000x\000p\000a\000n\000s\000i\000o\000n\000\040\000C\000a\000p\000a\000b\000i\000l\000i\000t\000y}{subsection.18.7}% 177
\BOOKMARK [3][-]{subsubsection.18.7.2}{\376\377\000A\000d\000v\000a\000n\000c\000e\000d\000\040\000M\000a\000n\000u\000f\000a\000c\000t\000u\000r\000i\000n\000g\000\040\000I\000n\000t\000e\000g\000r\000a\000t\000i\000o\000n}{subsection.18.7}% 178
\BOOKMARK [3][-]{subsubsection.18.7.3}{\376\377\000R\000o\000b\000o\000t\000i\000c\000\040\000A\000u\000t\000o\000n\000o\000m\000y\000\040\000E\000n\000h\000a\000n\000c\000e\000m\000e\000n\000t}{subsection.18.7}% 179
\BOOKMARK [3][-]{subsubsection.18.7.4}{\376\377\000D\000i\000s\000t\000r\000i\000b\000u\000t\000e\000d\000\040\000M\000a\000n\000u\000f\000a\000c\000t\000u\000r\000i\000n\000g}{subsection.18.7}% 180
\BOOKMARK [3][-]{subsubsection.18.7.5}{\376\377\000C\000o\000l\000o\000n\000y\000\040\000S\000c\000a\000l\000e\000\040\000I\000n\000t\000e\000g\000r\000a\000t\000i\000o\000n}{subsection.18.7}% 181
\BOOKMARK [2][-]{subsection.18.8}{\376\377\000S\000u\000m\000m\000a\000r\000y}{section.18}% 182
\BOOKMARK [1][-]{section.19}{\376\377\000C\000o\000n\000c\000l\000u\000s\000i\000o\000n}{}% 183
